<?xml version="1.0" encoding="UTF-8"?>
<testng-results ignored="0" total="1" passed="1" failed="0" skipped="0">
  <reporter-output>
  </reporter-output>
  <suite started-at="2024-08-01T23:06:49 IST" name="Surefire suite" finished-at="2024-08-01T23:07:00 IST" duration-ms="11631">
    <groups>
    </groups>
    <test started-at="2024-08-01T23:06:49 IST" name="Surefire test" finished-at="2024-08-01T23:07:00 IST" duration-ms="11631">
      <class name="FirstTaskGoogleSiteOpen.FirstTestCase">
        <test-method signature="getUrl()[pri:0, instance:FirstTaskGoogleSiteOpen.FirstTestCase@38425407]" started-at="2024-08-01T23:06:49 IST" name="getUrl" finished-at="2024-08-01T23:07:00 IST" duration-ms="11615" status="PASS">
          <reporter-output>
          </reporter-output>
        </test-method> <!-- getUrl -->
      </class> <!-- FirstTaskGoogleSiteOpen.FirstTestCase -->
    </test> <!-- Surefire test -->
  </suite> <!-- Surefire suite -->
</testng-results>
