<?xml version="1.0" encoding="UTF-8"?>
<testng-results ignored="0" total="1" passed="1" failed="0" skipped="0">
  <reporter-output>
  </reporter-output>
  <suite started-at="2024-10-24T09:40:39 IST" name="Default suite" finished-at="2024-10-24T09:40:41 IST" duration-ms="1819">
    <groups>
    </groups>
    <test started-at="2024-10-24T09:40:39 IST" name="Default test" finished-at="2024-10-24T09:40:41 IST" duration-ms="1819">
      <class name="testCase.TC005_Verify_AverageBuildduration_For_Each_ContractId_Valid_Input">
        <test-method signature="verifyDistinctCustIDMappedToContractID()[pri:0, instance:testCase.TC005_Verify_AverageBuildduration_For_Each_ContractId_Valid_Input@5066d65f]" started-at="2024-10-24T09:40:39 IST" name="verifyDistinctCustIDMappedToContractID" finished-at="2024-10-24T09:40:41 IST" duration-ms="1766" status="PASS">
          <reporter-output>
          </reporter-output>
        </test-method> <!-- verifyDistinctCustIDMappedToContractID -->
      </class> <!-- testCase.TC005_Verify_AverageBuildduration_For_Each_ContractId_Valid_Input -->
    </test> <!-- Default test -->
  </suite> <!-- Default suite -->
</testng-results>
